# JRE version: OpenJDK Runtime Environment AdoptOpenJDK (11.0.9+11) (build 11.0.9+11)
# Java VM: OpenJDK 64-Bit Server VM AdoptOpenJDK (11.0.9+11, mixed mode, tiered, compressed oops, g1 gc, windows-amd64)
Heap:
 garbage-first heap   total 131072K, used 11003K [0x0000000081400000, 0x0000000100000000)
  region size 1024K, 4 young (4096K), 4 survivors (4096K)
 Metaspace       used 25667K, capacity 26583K, committed 26752K, reserved 1089536K
  class space    used 3084K, capacity 3447K, committed 3456K, reserved 1048576K
GC Heap History (8 events):
Event: 8.852 GC heap before
{Heap before GC invocations=0 (full 0):
 garbage-first heap   total 131072K, used 25600K [0x0000000081400000, 0x0000000100000000)
  region size 1024K, 24 young (24576K), 0 survivors (0K)
 Metaspace       used 14172K, capacity 14571K, committed 14720K, reserved 1062912K
  class space    used 1494K, capacity 1647K, committed 1664K, reserved 1048576K
}
Event: 8.859 GC heap after
{Heap after GC invocations=1 (full 0):
 garbage-first heap   total 131072K, used 6984K [0x0000000081400000, 0x0000000100000000)
  region size 1024K, 3 young (3072K), 3 survivors (3072K)
 Metaspace       used 14172K, capacity 14571K, committed 14720K, reserved 1062912K
  class space    used 1494K, capacity 1647K, committed 1664K, reserved 1048576K
}
Event: 10.534 GC heap before
{Heap before GC invocations=1 (full 0):
 garbage-first heap   total 131072K, used 26440K [0x0000000081400000, 0x0000000100000000)
  region size 1024K, 22 young (22528K), 3 survivors (3072K)
 Metaspace       used 18119K, capacity 18735K, committed 18944K, reserved 1067008K
  class space    used 2057K, capacity 2293K, committed 2304K, reserved 1048576K
}
Event: 10.542 GC heap after
{Heap after GC invocations=2 (full 0):
 garbage-first heap   total 131072K, used 8430K [0x0000000081400000, 0x0000000100000000)
  region size 1024K, 2 young (2048K), 2 survivors (2048K)
 Metaspace       used 18119K, capacity 18735K, committed 18944K, reserved 1067008K
  class space    used 2057K, capacity 2293K, committed 2304K, reserved 1048576K
}
Event: 11.626 GC heap before
{Heap before GC invocations=2 (full 0):
 garbage-first heap   total 131072K, used 25838K [0x0000000081400000, 0x0000000100000000)
  region size 1024K, 20 young (20480K), 2 survivors (2048K)
 Metaspace       used 20442K, capacity 21084K, committed 21248K, reserved 1067008K
  class space    used 2414K, capacity 2699K, committed 2816K, reserved 1048576K
}
Event: 11.632 GC heap after
{Heap after GC invocations=3 (full 0):
 garbage-first heap   total 131072K, used 9114K [0x0000000081400000, 0x0000000100000000)
  region size 1024K, 2 young (2048K), 2 survivors (2048K)
 Metaspace       used 20442K, capacity 21084K, committed 21248K, reserved 1067008K
  class space    used 2414K, capacity 2699K, committed 2816K, reserved 1048576K
}
Event: 12.275 GC heap before
{Heap before GC invocations=4 (full 0):
 garbage-first heap   total 131072K, used 68506K [0x0000000081400000, 0x0000000100000000)
  region size 1024K, 61 young (62464K), 2 survivors (2048K)
 Metaspace       used 24190K, capacity 25005K, committed 25344K, reserved 1073152K
  class space    used 2869K, capacity 3202K, committed 3328K, reserved 1048576K
}
Event: 12.282 GC heap after
{Heap after GC invocations=5 (full 0):
 garbage-first heap   total 131072K, used 10161K [0x0000000081400000, 0x0000000100000000)
  region size 1024K, 3 young (3072K), 3 survivors (3072K)
 Metaspace       used 24190K, capacity 25005K, committed 25344K, reserved 1073152K
  class space    used 2869K, capacity 3202K, committed 3328K, reserved 1048576K
}

