# JRE version: OpenJDK Runtime Environment (16.0.2+7) (build 16.0.2+7-67)
# Java VM: OpenJDK 64-Bit Server VM (16.0.2+7-67, mixed mode, sharing, tiered, compressed oops, compressed class ptrs, g1 gc, windows-amd64)
GC Precious Log:
 CPUs: 4 total, 4 available
 Memory: 8071M
 Large Page Support: Disabled
 NUMA Support: Disabled
 Compressed Oops: Enabled (32-bit)
 Heap Region Size: 1M
 Heap Min Capacity: 256M
 Heap Initial Capacity: 256M
 Heap Max Capacity: 512M
 Pre-touch: Disabled
 Parallel Workers: 4
 Concurrent Workers: 1
 Concurrent Refinement Workers: 4
 Periodic GC: Disabled
Heap:
 garbage-first heap   total 262144K, used 88317K [0x00000000e0000000, 0x0000000100000000)
  region size 1024K, 60 young (61440K), 16 survivors (16384K)
 Metaspace       used 50833K, committed 51392K, reserved 262144K
  class space    used 6876K, committed 7168K, reserved 212992K
GC Heap History (14 events):
Event: 23.457 GC heap before
{Heap before GC invocations=0 (full 0):
 garbage-first heap   total 262144K, used 15360K [0x00000000e0000000, 0x0000000100000000)
  region size 1024K, 13 young (13312K), 0 survivors (0K)
 Metaspace       used 1048K, committed 1216K, reserved 221184K
  class space    used 73K, committed 128K, reserved 212992K
}
Event: 23.484 GC heap after
{Heap after GC invocations=1 (full 0):
 garbage-first heap   total 262144K, used 4307K [0x00000000e0000000, 0x0000000100000000)
  region size 1024K, 2 young (2048K), 2 survivors (2048K)
 Metaspace       used 1048K, committed 1216K, reserved 221184K
  class space    used 73K, committed 128K, reserved 212992K
}
Event: 26.898 GC heap before
{Heap before GC invocations=1 (full 0):
 garbage-first heap   total 262144K, used 20691K [0x00000000e0000000, 0x0000000100000000)
  region size 1024K, 16 young (16384K), 2 survivors (2048K)
 Metaspace       used 3629K, committed 3776K, reserved 221184K
  class space    used 440K, committed 512K, reserved 212992K
}
Event: 26.901 GC heap after
{Heap after GC invocations=2 (full 0):
 garbage-first heap   total 262144K, used 9595K [0x00000000e0000000, 0x0000000100000000)
  region size 1024K, 2 young (2048K), 2 survivors (2048K)
 Metaspace       used 3629K, committed 3776K, reserved 221184K
  class space    used 440K, committed 512K, reserved 212992K
}
Event: 29.849 GC heap before
{Heap before GC invocations=2 (full 0):
 garbage-first heap   total 262144K, used 29051K [0x00000000e0000000, 0x0000000100000000)
  region size 1024K, 22 young (22528K), 2 survivors (2048K)
 Metaspace       used 4126K, committed 4288K, reserved 221184K
  class space    used 488K, committed 576K, reserved 212992K
}
Event: 29.850 GC heap after
{Heap after GC invocations=3 (full 0):
 garbage-first heap   total 262144K, used 10190K [0x00000000e0000000, 0x0000000100000000)
  region size 1024K, 1 young (1024K), 1 survivors (1024K)
 Metaspace       used 4126K, committed 4288K, reserved 221184K
  class space    used 488K, committed 576K, reserved 212992K
}
Event: 36.641 GC heap before
{Heap before GC invocations=3 (full 0):
 garbage-first heap   total 262144K, used 122830K [0x00000000e0000000, 0x0000000100000000)
  region size 1024K, 112 young (114688K), 1 survivors (1024K)
 Metaspace       used 20970K, committed 21248K, reserved 237568K
  class space    used 3073K, committed 3200K, reserved 212992K
}
Event: 36.657 GC heap after
{Heap after GC invocations=4 (full 0):
 garbage-first heap   total 262144K, used 20696K [0x00000000e0000000, 0x0000000100000000)
  region size 1024K, 11 young (11264K), 11 survivors (11264K)
 Metaspace       used 20970K, committed 21248K, reserved 237568K
  class space    used 3073K, committed 3200K, reserved 212992K
}
Event: 38.972 GC heap before
{Heap before GC invocations=5 (full 0):
 garbage-first heap   total 262144K, used 124120K [0x00000000e0000000, 0x0000000100000000)
  region size 1024K, 110 young (112640K), 11 survivors (11264K)
 Metaspace       used 35342K, committed 35648K, reserved 245760K
  class space    used 4779K, committed 4928K, reserved 212992K
}
Event: 38.986 GC heap after
{Heap after GC invocations=6 (full 0):
 garbage-first heap   total 262144K, used 30163K [0x00000000e0000000, 0x0000000100000000)
  region size 1024K, 10 young (10240K), 10 survivors (10240K)
 Metaspace       used 35342K, committed 35648K, reserved 245760K
  class space    used 4779K, committed 4928K, reserved 212992K
}
Event: 42.910 GC heap before
{Heap before GC invocations=7 (full 0):
 garbage-first heap   total 262144K, used 146899K [0x00000000e0000000, 0x0000000100000000)
  region size 1024K, 124 young (126976K), 10 survivors (10240K)
 Metaspace       used 46112K, committed 46592K, reserved 253952K
  class space    used 6431K, committed 6656K, reserved 212992K
}
Event: 42.927 GC heap after
{Heap after GC invocations=8 (full 0):
 garbage-first heap   total 262144K, used 39512K [0x00000000e0000000, 0x0000000100000000)
  region size 1024K, 11 young (11264K), 11 survivors (11264K)
 Metaspace       used 46112K, committed 46592K, reserved 253952K
  class space    used 6431K, committed 6656K, reserved 212992K
}
Event: 300.964 GC heap before
{Heap before GC invocations=8 (full 0):
 garbage-first heap   total 262144K, used 184920K [0x00000000e0000000, 0x0000000100000000)
  region size 1024K, 153 young (156672K), 11 survivors (11264K)
 Metaspace       used 50221K, committed 50688K, reserved 262144K
  class space    used 6841K, committed 7040K, reserved 212992K
}
Event: 300.984 GC heap after
{Heap after GC invocations=9 (full 0):
 garbage-first heap   total 262144K, used 45309K [0x00000000e0000000, 0x0000000100000000)
  region size 1024K, 16 young (16384K), 16 survivors (16384K)
 Metaspace       used 50221K, committed 50688K, reserved 262144K
  class space    used 6841K, committed 7040K, reserved 212992K
}

