# JRE version: OpenJDK Runtime Environment (16.0.2+7) (build 16.0.2+7-67)
# Java VM: OpenJDK 64-Bit Server VM (16.0.2+7-67, mixed mode, sharing, tiered, compressed oops, compressed class ptrs, g1 gc, windows-amd64)
GC Precious Log:
 CPUs: 4 total, 4 available
 Memory: 8071M
 Large Page Support: Disabled
 NUMA Support: Disabled
 Compressed Oops: Enabled (32-bit)
 Heap Region Size: 1M
 Heap Min Capacity: 8M
 Heap Initial Capacity: 128M
 Heap Max Capacity: 2018M
 Pre-touch: Disabled
 Parallel Workers: 4
 Concurrent Workers: 1
 Concurrent Refinement Workers: 4
 Periodic GC: Disabled
Heap:
 garbage-first heap   total 61440K, used 45905K [0x0000000081e00000, 0x0000000100000000)
  region size 1024K, 10 young (10240K), 2 survivors (2048K)
 Metaspace       used 66238K, committed 66688K, reserved 1114112K
  class space    used 8970K, committed 9152K, reserved 1048576K
GC Heap History (20 events):
Event: 8.629 GC heap before
{Heap before GC invocations=13 (full 0):
 garbage-first heap   total 48128K, used 37127K [0x0000000081e00000, 0x0000000100000000)
  region size 1024K, 19 young (19456K), 3 survivors (3072K)
 Metaspace       used 47844K, committed 48192K, reserved 1097728K
  class space    used 6317K, committed 6528K, reserved 1048576K
}
Event: 8.637 GC heap after
{Heap after GC invocations=14 (full 0):
 garbage-first heap   total 48128K, used 22281K [0x0000000081e00000, 0x0000000100000000)
  region size 1024K, 3 young (3072K), 3 survivors (3072K)
 Metaspace       used 47844K, committed 48192K, reserved 1097728K
  class space    used 6317K, committed 6528K, reserved 1048576K
}
Event: 9.404 GC heap before
{Heap before GC invocations=14 (full 0):
 garbage-first heap   total 48128K, used 37641K [0x0000000081e00000, 0x0000000100000000)
  region size 1024K, 18 young (18432K), 3 survivors (3072K)
 Metaspace       used 49296K, committed 49664K, reserved 1097728K
  class space    used 6457K, committed 6656K, reserved 1048576K
}
Event: 9.412 GC heap after
{Heap after GC invocations=15 (full 0):
 garbage-first heap   total 48128K, used 23753K [0x0000000081e00000, 0x0000000100000000)
  region size 1024K, 3 young (3072K), 3 survivors (3072K)
 Metaspace       used 49296K, committed 49664K, reserved 1097728K
  class space    used 6457K, committed 6656K, reserved 1048576K
}
Event: 11.260 GC heap before
{Heap before GC invocations=15 (full 0):
 garbage-first heap   total 48128K, used 37065K [0x0000000081e00000, 0x0000000100000000)
  region size 1024K, 17 young (17408K), 3 survivors (3072K)
 Metaspace       used 51107K, committed 51456K, reserved 1097728K
  class space    used 6683K, committed 6848K, reserved 1048576K
}
Event: 11.264 GC heap after
{Heap after GC invocations=16 (full 0):
 garbage-first heap   total 48128K, used 24342K [0x0000000081e00000, 0x0000000100000000)
  region size 1024K, 3 young (3072K), 3 survivors (3072K)
 Metaspace       used 51107K, committed 51456K, reserved 1097728K
  class space    used 6683K, committed 6848K, reserved 1048576K
}
Event: 11.538 GC heap before
{Heap before GC invocations=16 (full 0):
 garbage-first heap   total 48128K, used 36630K [0x0000000081e00000, 0x0000000100000000)
  region size 1024K, 16 young (16384K), 3 survivors (3072K)
 Metaspace       used 54751K, committed 55168K, reserved 1097728K
  class space    used 7216K, committed 7424K, reserved 1048576K
}
Event: 11.542 GC heap after
{Heap after GC invocations=17 (full 0):
 garbage-first heap   total 48128K, used 26557K [0x0000000081e00000, 0x0000000100000000)
  region size 1024K, 2 young (2048K), 2 survivors (2048K)
 Metaspace       used 54751K, committed 55168K, reserved 1097728K
  class space    used 7216K, committed 7424K, reserved 1048576K
}
Event: 11.960 GC heap before
{Heap before GC invocations=18 (full 0):
 garbage-first heap   total 48128K, used 37821K [0x0000000081e00000, 0x0000000100000000)
  region size 1024K, 13 young (13312K), 2 survivors (2048K)
 Metaspace       used 57297K, committed 57728K, reserved 1105920K
  class space    used 7731K, committed 7936K, reserved 1048576K
}
Event: 11.963 GC heap after
{Heap after GC invocations=19 (full 0):
 garbage-first heap   total 48128K, used 27983K [0x0000000081e00000, 0x0000000100000000)
  region size 1024K, 2 young (2048K), 2 survivors (2048K)
 Metaspace       used 57297K, committed 57728K, reserved 1105920K
  class space    used 7731K, committed 7936K, reserved 1048576K
}
Event: 12.731 GC heap before
{Heap before GC invocations=19 (full 0):
 garbage-first heap   total 48128K, used 36175K [0x0000000081e00000, 0x0000000100000000)
  region size 1024K, 11 young (11264K), 2 survivors (2048K)
 Metaspace       used 59684K, committed 60032K, reserved 1105920K
  class space    used 8220K, committed 8384K, reserved 1048576K
}
Event: 12.734 GC heap after
{Heap after GC invocations=20 (full 0):
 garbage-first heap   total 48128K, used 28820K [0x0000000081e00000, 0x0000000100000000)
  region size 1024K, 1 young (1024K), 1 survivors (1024K)
 Metaspace       used 59684K, committed 60032K, reserved 1105920K
  class space    used 8220K, committed 8384K, reserved 1048576K
}
Event: 16.719 GC heap before
{Heap before GC invocations=21 (full 0):
 garbage-first heap   total 56320K, used 39060K [0x0000000081e00000, 0x0000000100000000)
  region size 1024K, 10 young (10240K), 1 survivors (1024K)
 Metaspace       used 62236K, committed 62656K, reserved 1105920K
  class space    used 8468K, committed 8640K, reserved 1048576K
}
Event: 16.722 GC heap after
{Heap after GC invocations=22 (full 0):
 garbage-first heap   total 56320K, used 31949K [0x0000000081e00000, 0x0000000100000000)
  region size 1024K, 2 young (2048K), 2 survivors (2048K)
 Metaspace       used 62236K, committed 62656K, reserved 1105920K
  class space    used 8468K, committed 8640K, reserved 1048576K
}
Event: 17.153 GC heap before
{Heap before GC invocations=22 (full 0):
 garbage-first heap   total 56320K, used 36045K [0x0000000081e00000, 0x0000000100000000)
  region size 1024K, 7 young (7168K), 2 survivors (2048K)
 Metaspace       used 63113K, committed 63552K, reserved 1105920K
  class space    used 8574K, committed 8768K, reserved 1048576K
}
Event: 17.159 GC heap after
{Heap after GC invocations=23 (full 0):
 garbage-first heap   total 56320K, used 31983K [0x0000000081e00000, 0x0000000100000000)
  region size 1024K, 1 young (1024K), 1 survivors (1024K)
 Metaspace       used 63113K, committed 63552K, reserved 1105920K
  class space    used 8574K, committed 8768K, reserved 1048576K
}
Event: 17.352 GC heap before
{Heap before GC invocations=24 (full 0):
 garbage-first heap   total 60416K, used 34031K [0x0000000081e00000, 0x0000000100000000)
  region size 1024K, 2 young (2048K), 1 survivors (1024K)
 Metaspace       used 63190K, committed 63616K, reserved 1105920K
  class space    used 8606K, committed 8832K, reserved 1048576K
}
Event: 17.354 GC heap after
{Heap after GC invocations=25 (full 0):
 garbage-first heap   total 60416K, used 34097K [0x0000000081e00000, 0x0000000100000000)
  region size 1024K, 1 young (1024K), 1 survivors (1024K)
 Metaspace       used 63190K, committed 63616K, reserved 1105920K
  class space    used 8606K, committed 8832K, reserved 1048576K
}
Event: 28.238 GC heap before
{Heap before GC invocations=26 (full 0):
 garbage-first heap   total 61440K, used 48433K [0x0000000081e00000, 0x0000000100000000)
  region size 1024K, 15 young (15360K), 1 survivors (1024K)
 Metaspace       used 65210K, committed 65664K, reserved 1105920K
  class space    used 8870K, committed 9088K, reserved 1048576K
}
Event: 28.242 GC heap after
{Heap after GC invocations=27 (full 0):
 garbage-first heap   total 61440K, used 38737K [0x0000000081e00000, 0x0000000100000000)
  region size 1024K, 2 young (2048K), 2 survivors (2048K)
 Metaspace       used 65210K, committed 65664K, reserved 1105920K
  class space    used 8870K, committed 9088K, reserved 1048576K
}

